TN:
SF:controllers/auth.js
FN:5,exports.join
FN:34,exports.login
FN:53,exports.logout
FNF:3
FNH:2
FNDA:6,exports.join
FNDA:0,exports.login
FNDA:1,exports.logout
DA:1,1
DA:2,1
DA:3,1
DA:4,1
DA:5,1
DA:6,6
DA:7,6
DA:8,1
DA:9,1
DA:10,6
DA:11,1
DA:12,1
DA:13,6
DA:14,1
DA:15,1
DA:16,3
DA:17,3
DA:18,6
DA:19,1
DA:20,1
DA:21,1
DA:22,1
DA:23,1
DA:24,1
DA:25,1
DA:26,1
DA:27,1
DA:28,1
DA:29,1
DA:30,1
DA:31,1
DA:32,6
DA:33,1
DA:34,1
DA:35,0
DA:36,0
DA:37,0
DA:38,0
DA:39,0
DA:40,0
DA:41,0
DA:42,0
DA:43,0
DA:44,0
DA:45,0
DA:46,0
DA:47,0
DA:48,0
DA:49,0
DA:50,0
DA:51,0
DA:52,1
DA:53,1
DA:54,1
DA:55,1
DA:56,1
DA:57,1
LF:57
LH:40
BRDA:5,0,0,6
BRDA:7,1,0,1
BRDA:9,2,0,5
BRDA:10,3,0,1
BRDA:12,4,0,4
BRDA:13,5,0,1
BRDA:15,6,0,3
BRDA:17,7,0,2
BRDA:18,8,0,1
BRDA:53,9,0,1
BRDA:54,10,0,1
BRF:11
BRH:11
end_of_record
TN:
SF:models/user.js
FN:4,initiate
FN:40,associate
FNF:2
FNH:0
FNDA:0,initiate
FNDA:0,associate
DA:1,1
DA:2,1
DA:3,1
DA:4,1
DA:5,0
DA:6,0
DA:7,0
DA:8,0
DA:9,0
DA:10,0
DA:11,0
DA:12,0
DA:13,0
DA:14,0
DA:15,0
DA:16,0
DA:17,0
DA:18,0
DA:19,0
DA:20,0
DA:21,0
DA:22,0
DA:23,0
DA:24,0
DA:25,0
DA:26,0
DA:27,0
DA:28,0
DA:29,0
DA:30,0
DA:31,0
DA:32,0
DA:33,0
DA:34,0
DA:35,0
DA:36,0
DA:37,0
DA:38,0
DA:39,1
DA:40,1
DA:41,0
DA:42,0
DA:43,0
DA:44,0
DA:45,0
DA:46,0
DA:47,0
DA:48,0
DA:49,0
DA:50,0
DA:51,0
DA:52,0
DA:53,1
DA:54,1
DA:55,1
LF:55
LH:9
BRF:0
BRH:0
end_of_record
