TN:
SF:app.js
FN:27,syncSuccess
FN:60,notFoundHandler
FN:69,errorHandler
FN:79,listenCallback
FNF:4
FNH:4
FNDA:1,syncSuccess
FNDA:1,notFoundHandler
FNDA:2,errorHandler
FNDA:1,listenCallback
DA:1,1
DA:2,1
DA:3,1
DA:4,1
DA:5,1
DA:6,1
DA:7,1
DA:8,1
DA:9,1
DA:10,1
DA:11,1
DA:12,1
DA:13,1
DA:14,1
DA:15,1
DA:16,1
DA:17,1
DA:18,1
DA:19,1
DA:20,1
DA:21,1
DA:22,1
DA:23,1
DA:24,1
DA:25,1
DA:26,1
DA:27,1
DA:28,1
DA:29,1
DA:30,1
DA:31,1
DA:32,1
DA:33,1
DA:34,1
DA:35,1
DA:36,1
DA:37,1
DA:38,1
DA:39,1
DA:40,1
DA:41,1
DA:42,1
DA:43,1
DA:44,1
DA:45,1
DA:46,1
DA:47,1
DA:48,1
DA:49,1
DA:50,1
DA:51,1
DA:52,1
DA:53,1
DA:54,1
DA:55,1
DA:56,1
DA:57,1
DA:58,1
DA:59,1
DA:60,1
DA:61,1
DA:62,1
DA:63,1
DA:64,1
DA:65,1
DA:66,1
DA:67,1
DA:68,1
DA:69,1
DA:70,2
DA:71,2
DA:72,2
DA:73,2
DA:74,2
DA:75,1
DA:76,1
DA:77,1
DA:78,1
DA:79,1
DA:80,1
DA:81,1
DA:82,1
DA:83,1
DA:84,1
DA:85,1
DA:86,1
LF:86
LH:86
BRDA:27,0,0,1
BRDA:60,1,0,1
BRDA:69,2,0,2
BRDA:71,3,0,1
BRDA:71,4,0,1
BRDA:72,5,0,1
BRDA:79,6,0,1
BRF:7
BRH:7
end_of_record
TN:
SF:controllers\auth.js
FN:5,exports.join
FN:34,localCallback
FN:52,exports.login
FN:60,exports.logout
FNF:4
FNH:4
FNDA:6,exports.join
FNDA:5,localCallback
FNDA:1,exports.login
FNDA:1,exports.logout
DA:1,1
DA:2,1
DA:3,1
DA:4,1
DA:5,1
DA:6,6
DA:7,6
DA:8,1
DA:9,1
DA:10,6
DA:11,1
DA:12,1
DA:13,6
DA:14,1
DA:15,1
DA:16,3
DA:17,3
DA:18,6
DA:19,1
DA:20,1
DA:21,1
DA:22,1
DA:23,1
DA:24,1
DA:25,1
DA:26,1
DA:27,1
DA:28,1
DA:29,1
DA:30,1
DA:31,1
DA:32,6
DA:33,1
DA:34,1
DA:35,4
DA:36,1
DA:37,1
DA:38,1
DA:39,4
DA:40,1
DA:41,1
DA:42,2
DA:43,2
DA:44,1
DA:45,1
DA:46,1
DA:47,1
DA:48,2
DA:49,2
DA:50,1
DA:51,1
DA:52,1
DA:53,1
DA:54,1
DA:55,1
DA:56,1
DA:57,1
DA:58,1
DA:59,1
DA:60,1
DA:61,1
DA:62,1
DA:63,1
DA:64,1
LF:64
LH:64
BRDA:5,0,0,6
BRDA:7,1,0,1
BRDA:9,2,0,5
BRDA:10,3,0,1
BRDA:12,4,0,4
BRDA:13,5,0,1
BRDA:15,6,0,3
BRDA:17,7,0,2
BRDA:18,8,0,1
BRDA:34,9,0,5
BRDA:34,10,0,4
BRDA:35,11,0,1
BRDA:38,12,0,3
BRDA:39,13,0,1
BRDA:41,14,0,2
BRDA:42,15,0,2
BRDA:43,16,0,1
BRDA:52,17,0,1
BRDA:60,18,0,1
BRDA:61,19,0,1
BRF:20
BRH:20
end_of_record
TN:
SF:controllers\page.js
FN:3,exports.renderProfile
FN:7,exports.renderJoin
FN:11,exports.renderMain
FN:30,exports.renderHashtag
FNF:4
FNH:4
FNDA:1,exports.renderProfile
FNDA:1,exports.renderJoin
FNDA:2,exports.renderMain
FNDA:4,exports.renderHashtag
DA:1,1
DA:2,1
DA:3,1
DA:4,1
DA:5,1
DA:6,1
DA:7,1
DA:8,1
DA:9,1
DA:10,1
DA:11,1
DA:12,2
DA:13,2
DA:14,2
DA:15,2
DA:16,2
DA:17,2
DA:18,2
DA:19,2
DA:20,1
DA:21,1
DA:22,1
DA:23,1
DA:24,1
DA:25,1
DA:26,1
DA:27,1
DA:28,2
DA:29,1
DA:30,1
DA:31,4
DA:32,4
DA:33,1
DA:34,1
DA:35,3
DA:36,3
DA:37,2
DA:38,4
DA:39,1
DA:40,1
DA:41,2
DA:42,2
DA:43,2
DA:44,2
DA:45,2
DA:46,4
DA:47,1
DA:48,1
DA:49,1
DA:50,4
LF:50
LH:50
BRDA:3,0,0,1
BRDA:7,1,0,1
BRDA:11,2,0,2
BRDA:19,3,0,1
BRDA:30,4,0,4
BRDA:32,5,0,1
BRDA:34,6,0,3
BRDA:36,7,0,2
BRDA:38,8,0,1
BRDA:40,9,0,2
BRDA:46,10,0,1
BRF:11
BRH:11
end_of_record
TN:
SF:controllers\post.js
FN:3,exports.afterUploadImage
FN:8,exports.uploadPost
FNF:2
FNH:0
FNDA:0,exports.afterUploadImage
FNDA:0,exports.uploadPost
DA:1,1
DA:2,1
DA:3,1
DA:4,0
DA:5,0
DA:6,0
DA:7,1
DA:8,1
DA:9,0
DA:10,0
DA:11,0
DA:12,0
DA:13,0
DA:14,0
DA:15,0
DA:16,0
DA:17,0
DA:18,0
DA:19,0
DA:20,0
DA:21,0
DA:22,0
DA:23,0
DA:24,0
DA:25,0
DA:26,0
DA:27,0
DA:28,0
DA:29,0
DA:30,0
DA:31,0
LF:31
LH:5
BRF:0
BRH:0
end_of_record
TN:
SF:controllers\user.js
FN:3,exports.follow
FNF:1
FNH:0
FNDA:0,exports.follow
DA:1,1
DA:2,1
DA:3,1
DA:4,0
DA:5,0
DA:6,0
DA:7,0
DA:8,0
DA:9,0
DA:10,0
DA:11,0
DA:12,0
DA:13,0
DA:14,0
DA:15,0
DA:16,0
LF:16
LH:3
BRF:0
BRH:0
end_of_record
TN:
SF:middlewares\index.js
FN:1,exports.isLoggedIn
FN:9,exports.isNotLoggedIn
FNF:2
FNH:2
FNDA:2,exports.isLoggedIn
FNDA:2,exports.isNotLoggedIn
DA:1,1
DA:2,2
DA:3,1
DA:4,1
DA:5,1
DA:6,1
DA:7,2
DA:8,1
DA:9,1
DA:10,2
DA:11,1
DA:12,1
DA:13,1
DA:14,1
DA:15,1
DA:16,2
LF:16
LH:16
BRDA:1,0,0,2
BRDA:2,1,0,1
BRDA:9,2,0,2
BRDA:10,3,0,1
BRF:4
BRH:4
end_of_record
TN:
SF:models\hashtag.js
FN:4,initiate
FN:23,associate
FNF:2
FNH:2
FNDA:11,initiate
FNDA:11,associate
DA:1,1
DA:2,1
DA:3,1
DA:4,1
DA:5,11
DA:6,11
DA:7,11
DA:8,11
DA:9,11
DA:10,11
DA:11,11
DA:12,11
DA:13,11
DA:14,11
DA:15,11
DA:16,11
DA:17,11
DA:18,11
DA:19,11
DA:20,11
DA:21,11
DA:22,1
DA:23,1
DA:24,11
DA:25,11
DA:26,1
DA:27,1
DA:28,1
LF:28
LH:28
BRDA:4,0,0,11
BRDA:23,1,0,11
BRF:2
BRH:2
end_of_record
TN:
SF:models\index.js
FNF:0
FNH:0
DA:1,1
DA:2,1
DA:3,1
DA:4,1
DA:5,1
DA:6,1
DA:7,1
DA:8,1
DA:9,1
DA:10,1
DA:11,1
DA:12,1
DA:13,1
DA:14,1
DA:15,1
DA:16,1
DA:17,1
DA:18,1
DA:19,1
DA:20,90
DA:21,90
DA:22,90
DA:23,90
DA:24,90
DA:25,40
DA:26,90
DA:27,90
DA:28,1
DA:29,30
DA:30,30
DA:31,30
DA:32,30
DA:33,30
DA:34,1
DA:35,1
DA:36,1
DA:37,40
DA:38,40
DA:39,30
DA:40,30
DA:41,1
DA:42,1
DA:43,1
LF:43
LH:43
BRDA:4,0,0,1
BRDA:19,1,0,90
BRDA:22,2,0,50
BRDA:23,3,0,50
BRDA:24,4,0,40
BRDA:28,5,0,30
BRDA:36,6,0,40
BRDA:38,7,0,30
BRF:8
BRH:8
end_of_record
TN:
SF:models\post.js
FN:4,initiate
FN:26,associate
FNF:2
FNH:2
FNDA:11,initiate
FNDA:11,associate
DA:1,1
DA:2,1
DA:3,1
DA:4,1
DA:5,11
DA:6,11
DA:7,11
DA:8,11
DA:9,11
DA:10,11
DA:11,11
DA:12,11
DA:13,11
DA:14,11
DA:15,11
DA:16,11
DA:17,11
DA:18,11
DA:19,11
DA:20,11
DA:21,11
DA:22,11
DA:23,11
DA:24,11
DA:25,1
DA:26,1
DA:27,11
DA:28,11
DA:29,11
DA:30,1
DA:31,1
DA:32,1
LF:32
LH:32
BRDA:4,0,0,11
BRDA:26,1,0,11
BRF:2
BRH:2
end_of_record
TN:
SF:models\user.js
FN:4,initiate
FN:40,associate
FNF:2
FNH:2
FNDA:11,initiate
FNDA:11,associate
DA:1,1
DA:2,1
DA:3,1
DA:4,1
DA:5,11
DA:6,11
DA:7,11
DA:8,11
DA:9,11
DA:10,11
DA:11,11
DA:12,11
DA:13,11
DA:14,11
DA:15,11
DA:16,11
DA:17,11
DA:18,11
DA:19,11
DA:20,11
DA:21,11
DA:22,11
DA:23,11
DA:24,11
DA:25,11
DA:26,11
DA:27,11
DA:28,11
DA:29,11
DA:30,11
DA:31,11
DA:32,11
DA:33,11
DA:34,11
DA:35,11
DA:36,11
DA:37,11
DA:38,11
DA:39,1
DA:40,1
DA:41,11
DA:42,11
DA:43,11
DA:44,11
DA:45,11
DA:46,11
DA:47,11
DA:48,11
DA:49,11
DA:50,11
DA:51,11
DA:52,11
DA:53,1
DA:54,1
DA:55,1
LF:55
LH:55
BRDA:4,0,0,11
BRDA:40,1,0,11
BRF:2
BRH:2
end_of_record
TN:
SF:passport\index.js
FN:6,module.exports
FNF:1
FNH:1
FNDA:7,module.exports
DA:1,1
DA:2,1
DA:3,1
DA:4,1
DA:5,1
DA:6,1
DA:7,7
DA:8,0
DA:9,0
DA:10,7
DA:11,7
DA:12,7
DA:13,0
DA:14,0
DA:15,0
DA:16,0
DA:17,0
DA:18,0
DA:19,0
DA:20,0
DA:21,0
DA:22,0
DA:23,0
DA:24,0
DA:25,0
DA:26,0
DA:27,0
DA:28,0
DA:29,0
DA:30,0
DA:31,7
DA:32,7
DA:33,7
DA:34,7
DA:35,7
LF:35
LH:15
BRDA:6,0,0,7
BRF:1
BRH:1
end_of_record
TN:
SF:passport\kakaoStrategy.js
FN:6,module.exports
FNF:1
FNH:1
FNDA:7,module.exports
DA:1,1
DA:2,1
DA:3,1
DA:4,1
DA:5,1
DA:6,1
DA:7,7
DA:8,7
DA:9,7
DA:10,7
DA:11,0
DA:12,0
DA:13,0
DA:14,0
DA:15,0
DA:16,0
DA:17,0
DA:18,0
DA:19,0
DA:20,0
DA:21,0
DA:22,0
DA:23,0
DA:24,0
DA:25,0
DA:26,0
DA:27,0
DA:28,0
DA:29,0
DA:30,0
DA:31,7
DA:32,7
LF:32
LH:12
BRDA:6,0,0,7
BRF:1
BRH:1
end_of_record
TN:
SF:passport\localStrategy.js
FN:6,module.exports
FNF:1
FNH:1
FNDA:7,module.exports
DA:1,1
DA:2,1
DA:3,1
DA:4,1
DA:5,1
DA:6,1
DA:7,7
DA:8,7
DA:9,7
DA:10,7
DA:11,7
DA:12,0
DA:13,0
DA:14,0
DA:15,0
DA:16,0
DA:17,0
DA:18,0
DA:19,0
DA:20,0
DA:21,0
DA:22,0
DA:23,0
DA:24,0
DA:25,0
DA:26,0
DA:27,0
DA:28,7
DA:29,7
LF:29
LH:13
BRDA:6,0,0,7
BRF:1
BRH:1
end_of_record
TN:
SF:routes\auth.js
FNF:0
FNH:0
DA:1,1
DA:2,1
DA:3,1
DA:4,1
DA:5,1
DA:6,1
DA:7,1
DA:8,1
DA:9,1
DA:10,1
DA:11,1
DA:12,1
DA:13,1
DA:14,1
DA:15,1
DA:16,1
DA:17,1
DA:18,1
DA:19,1
DA:20,1
DA:21,1
DA:22,1
DA:23,1
DA:24,1
DA:25,0
DA:26,1
DA:27,1
DA:28,1
LF:28
LH:27
BRF:0
BRH:0
end_of_record
TN:
SF:routes\page.js
FNF:0
FNH:0
DA:1,1
DA:2,1
DA:3,1
DA:4,1
DA:5,1
DA:6,1
DA:7,1
DA:8,1
DA:9,1
DA:10,0
DA:11,0
DA:12,0
DA:13,0
DA:14,0
DA:15,1
DA:16,1
DA:17,1
DA:18,1
DA:19,1
DA:20,1
DA:21,1
DA:22,1
DA:23,1
DA:24,1
DA:25,1
LF:25
LH:20
BRF:0
BRH:0
end_of_record
TN:
SF:routes\post.js
FN:20,destination
FN:23,filename
FNF:2
FNH:0
FNDA:0,destination
FNDA:0,filename
DA:1,1
DA:2,1
DA:3,1
DA:4,1
DA:5,1
DA:6,1
DA:7,1
DA:8,1
DA:9,1
DA:10,1
DA:11,1
DA:12,1
DA:13,1
DA:14,0
DA:15,0
DA:16,0
DA:17,1
DA:18,1
DA:19,1
DA:20,1
DA:21,0
DA:22,1
DA:23,1
DA:24,0
DA:25,0
DA:26,0
DA:27,1
DA:28,1
DA:29,1
DA:30,1
DA:31,1
DA:32,1
DA:33,1
DA:34,1
DA:35,1
DA:36,1
DA:37,1
DA:38,1
LF:38
LH:31
BRDA:13,0,0,0
BRF:1
BRH:0
end_of_record
TN:
SF:routes\user.js
FNF:0
FNH:0
DA:1,1
DA:2,1
DA:3,1
DA:4,1
DA:5,1
DA:6,1
DA:7,1
DA:8,1
DA:9,1
DA:10,1
DA:11,1
LF:11
LH:11
BRF:0
BRH:0
end_of_record
